[debug] [2025-03-12T03:53:16.255Z] ----------------------------------------------------------------------
[debug] [2025-03-12T03:53:16.260Z] Command:       C:\Program Files\nodejs\node.exe C:\Users\Jaque\AppData\Roaming\npm\node_modules\firebase-tools\lib\bin\firebase.js init
[debug] [2025-03-12T03:53:16.261Z] CLI Version:   13.34.0
[debug] [2025-03-12T03:53:16.261Z] Platform:      win32
[debug] [2025-03-12T03:53:16.261Z] Node Version:  v22.14.0
[debug] [2025-03-12T03:53:16.262Z] Time:          Tue Mar 11 2025 23:53:16 GMT-0400 (Eastern Daylight Time)
[debug] [2025-03-12T03:53:16.262Z] ----------------------------------------------------------------------
[debug] 
[debug] [2025-03-12T03:53:16.268Z] >>> [apiv2][query] GET https://firebase-public.firebaseio.com/cli.json [none]
[debug] [2025-03-12T03:53:16.355Z] > command requires scopes: ["email","openid","https://www.googleapis.com/auth/cloudplatformprojects.readonly","https://www.googleapis.com/auth/firebase","https://www.googleapis.com/auth/cloud-platform"]
[debug] [2025-03-12T03:53:16.355Z] > authorizing via signed-in user (jaquelinesmith001@gmail.com)
[info] 
     ######## #### ########  ######## ########     ###     ######  ########
     ##        ##  ##     ## ##       ##     ##  ##   ##  ##       ##
     ######    ##  ########  ######   ########  #########  ######  ######
     ##        ##  ##    ##  ##       ##     ## ##     ##       ## ##
     ##       #### ##     ## ######## ########  ##     ##  ######  ########

You're about to initialize a Firebase project in this directory:

  C:\Users\Jaque\Desktop\to_do_app\To-Do-List

[debug] [2025-03-12T03:53:16.540Z] <<< [apiv2][status] GET https://firebase-public.firebaseio.com/cli.json 200
[debug] [2025-03-12T03:53:16.541Z] <<< [apiv2][body] GET https://firebase-public.firebaseio.com/cli.json {"cloudBuildErrorAfter":1594252800000,"cloudBuildWarnAfter":1590019200000,"defaultNode10After":1594252800000,"minVersion":"3.0.5","node8DeploysDisabledAfter":1613390400000,"node8RuntimeDisabledAfter":1615809600000,"node8WarnAfter":1600128000000}
